<?xml version="1.0" encoding="UTF-8"?>
<testsuite xmlns:xsi="http://www.w3.org/2001/XMLSchema-instance" xsi:noNamespaceSchemaLocation="https://maven.apache.org/surefire/maven-surefire-plugin/xsd/surefire-test-report.xsd" version="3.0.2" name="com.project.lets_play.JWTTests" time="5.533" tests="1" errors="0" skipped="0" failures="0" flakes="0">
  <properties>
[...]
</properties>
  <testcase name="generateToken_shouldReturnNonEmptyToken" classname="com.project.lets_play.JWTTests" time="1.384">
    <system-out><![CDATA[16:32:55.314 [main] INFO org.springframework.test.context.support.AnnotationConfigContextLoaderUtils -- Could not detect default configuration classes for test class [com.project.lets_play.JWTTests]: JWTTests does not declare any static, non-private, non-final, nested classes annotated with @Configuration.
16:32:55.449 [main] INFO org.springframework.boot.test.context.SpringBootTestContextBootstrapper -- Found @SpringBootConfiguration com.project.lets_play.LetsPlayApplication for test class com.project.lets_play.JWTTests

  .   ____          _            __ _ _
 /\\ / ___'_ __ _ _(_)_ __  __ _ \ \ \ \
( ( )\___ | '_ | '_| | '_ \/ _` | \ \ \ \
 \\/  ___)| |_)| | | | | || (_| |  ) ) ) )
  '  |____| .__|_| |_|_| |_\__, | / / / /
 =========|_|==============|___/=/_/_/_/

 :: Spring Boot ::               (v3.5.16)

2026-07-09T16:32:56.359+02:00  INFO 67834 --- [lets-play] [           main] com.project.lets_play.JWTTests           : Starting JWTTests using Java 17.0.19 with PID 67834 (started by zone01student in /home/zone01student/Z01Y1/Java/lets-play)
2026-07-09T16:32:56.361+02:00  INFO 67834 --- [lets-play] [           main] com.project.lets_play.JWTTests           : No active profile set, falling back to 1 default profile: "default"
2026-07-09T16:32:57.143+02:00  INFO 67834 --- [lets-play] [           main] .s.d.r.c.RepositoryConfigurationDelegate : Bootstrapping Spring Data MongoDB repositories in DEFAULT mode.
2026-07-09T16:32:57.205+02:00  INFO 67834 --- [lets-play] [           main] .s.d.r.c.RepositoryConfigurationDelegate : Finished Spring Data repository scanning in 54 ms. Found 2 MongoDB repository interfaces.
2026-07-09T16:32:57.870+02:00  INFO 67834 --- [lets-play] [           main] org.mongodb.driver.client                : MongoClient with metadata {"driver": {"name": "mongo-java-driver|sync|spring-boot", "version": "5.5.2"}, "os": {"type": "Linux", "name": "Linux", "architecture": "amd64", "version": "6.17.0-35-generic"}, "platform": "Java/Ubuntu/17.0.19+10-1-24.04.2-Ubuntu"} created with settings MongoClientSettings{readPreference=primary, writeConcern=WriteConcern{w=null, wTimeout=null ms, journal=null}, retryWrites=true, retryReads=true, readConcern=ReadConcern{level=null}, credential=null, transportSettings=null, commandListeners=[], codecRegistry=ProvidersCodecRegistry{codecProviders=[ValueCodecProvider{}, BsonValueCodecProvider{}, DBRefCodecProvider{}, DBObjectCodecProvider{}, DocumentCodecProvider{}, CollectionCodecProvider{}, IterableCodecProvider{}, MapCodecProvider{}, GeoJsonCodecProvider{}, GridFSFileCodecProvider{}, Jsr310CodecProvider{}, JsonObjectCodecProvider{}, BsonCodecProvider{}, EnumCodecProvider{}, com.mongodb.client.model.mql.ExpressionCodecProvider@da4cf09, com.mongodb.Jep395RecordCodecProvider@1980a3f, com.mongodb.KotlinCodecProvider@67f63d26]}, loggerSettings=LoggerSettings{maxDocumentLength=1000}, clusterSettings={hosts=[localhost:27017], srvServiceName=mongodb, mode=SINGLE, requiredClusterType=UNKNOWN, requiredReplicaSetName='null', serverSelector='null', clusterListeners='[]', serverSelectionTimeout='30000 ms', localThreshold='15 ms'}, socketSettings=SocketSettings{connectTimeoutMS=10000, readTimeoutMS=0, receiveBufferSize=0, proxySettings=ProxySettings{host=null, port=null, username=null, password=null}}, heartbeatSocketSettings=SocketSettings{connectTimeoutMS=10000, readTimeoutMS=10000, receiveBufferSize=0, proxySettings=ProxySettings{host=null, port=null, username=null, password=null}}, connectionPoolSettings=ConnectionPoolSettings{maxSize=100, minSize=0, maxWaitTimeMS=120000, maxConnectionLifeTimeMS=0, maxConnectionIdleTimeMS=0, maintenanceInitialDelayMS=0, maintenanceFrequencyMS=60000, connectionPoolListeners=[], maxConnecting=2}, serverSettings=ServerSettings{heartbeatFrequencyMS=10000, minHeartbeatFrequencyMS=500, serverMonitoringMode=AUTO, serverListeners='[]', serverMonitorListeners='[]'}, sslSettings=SslSettings{enabled=false, invalidHostNameAllowed=false, context=null}, applicationName='null', compressorList=[], uuidRepresentation=JAVA_LEGACY, serverApi=null, autoEncryptionSettings=null, dnsClient=null, inetAddressResolver=null, contextProvider=null, timeoutMS=null}
2026-07-09T16:32:57.902+02:00  INFO 67834 --- [lets-play] [localhost:27017] org.mongodb.driver.cluster               : Monitor thread successfully connected to server with description ServerDescription{address=localhost:27017, type=STANDALONE, cryptd=false, state=CONNECTED, ok=true, minWireVersion=0, maxWireVersion=25, maxDocumentSize=16777216, logicalSessionTimeoutMinutes=30, roundTripTimeNanos=29582352, minRoundTripTimeNanos=0}
2026-07-09T16:32:58.398+02:00  WARN 67834 --- [lets-play] [           main] .s.s.UserDetailsServiceAutoConfiguration : 

Using generated security password: 140a48e2-e417-48f5-9828-d7e74bef7426

This generated password is for development use only. Your security configuration must be updated before running your application in production.

2026-07-09T16:32:58.405+02:00  INFO 67834 --- [lets-play] [           main] r$InitializeUserDetailsManagerConfigurer : Global AuthenticationManager configured with UserDetailsService bean with name inMemoryUserDetailsManager
2026-07-09T16:32:59.256+02:00  INFO 67834 --- [lets-play] [           main] com.project.lets_play.JWTTests           : Started JWTTests in 3.628 seconds (process running for 4.8)
Token généré : eyJhbGciOiJIUzI1NiJ9.eyJzdWIiOiJqZWFuQHRlc3QuY29tIiwiaWF0IjoxNzgzNjA3NTgwLCJleHAiOjE3ODM2MTExODB9.__R0U9FCdcEXBS1059jueyu5QZfJELd_ovw7B97EiP8
]]></system-out>
  </testcase>
</testsuite>